[0.186s] Invoking command in '/home/d23c1055/ros2_ws/src/mypkg': PYTEST_ADDOPTS=--tb=short --junit-xml=/home/d23c1055/ros2_ws/src/mypkg/build/mypkg/pytest.xml --junit-prefix=mypkg -o cache_dir=/home/d23c1055/ros2_ws/src/mypkg/build/mypkg/.pytest_cache PYTHONDONTWRITEBYTECODE=1 /usr/bin/python3 -m pytest
[0.729s] [1m============================= test session starts ==============================[0m
[0.729s] platform linux -- Python 3.8.10, pytest-4.6.9, py-1.8.1, pluggy-0.13.0
[0.733s] cachedir: build/mypkg/.pytest_cache
[0.733s] rootdir: /home/d23c1055/ros2_ws/src/mypkg
[0.733s] plugins: launch-testing-0.10.10, ament-flake8-0.9.8, ament-copyright-0.9.8, ament-pep257-0.9.8, ament-xmllint-0.9.8, ament-lint-0.9.8, launch-testing-ros-0.11.7, colcon-core-0.18.3, cov-2.8.1
[0.839s] [1mcollecting ... [0m[1m
[0.839s] collected 3 items                                                              [0m
[0.841s] 
[0.882s] test/test_copyright.py [31mF[0m[36m                                                 [ 33%][0m
[1.008s] test/test_flake8.py [32m.[0m[36m                                                    [ 66%][0m
[1.026s] test/test_pep257.py [32m.[0m[36m                                                    [100%][0m
[1.026s] 
[1.027s] =================================== FAILURES ===================================
[1.027s] [31m[1m________________________________ test_copyright ________________________________[0m
[1.027s] [1m[31mtest/test_copyright.py[0m:23: in test_copyright
[1.027s] [1m    assert rc == 0, 'Found errors'[0m
[1.027s] [1m[31mE   AssertionError: Found errors[0m
[1.027s] [33m=============================== warnings summary ===============================[0m
[1.027s] /usr/lib/python3/dist-packages/pydocstyle/config.py:6
[1.027s]   Warning: Using or importing the ABCs from 'collections' instead of from 'collections.abc' is deprecated since Python 3.3, and in 3.10 it will stop working
[1.027s] 
[1.027s] -- Docs: https://docs.pytest.org/en/latest/warnings.html
[1.027s] [1m[31mE   assert 1 == 0[0m
[1.027s] ----------------------------- Captured stderr call -----------------------------
[1.027s] CONTRIBUTING.md: file not found
[1.027s] LICENSE: <unknown>
[1.027s] launch/talk_listen.launch.py: could not find copyright notice
[1.027s] mypkg/prime.py: could not find copyright notice
[1.027s] 4 errors, checked 8 files
[1.027s] - generated xml file: /home/d23c1055/ros2_ws/src/mypkg/build/mypkg/pytest.xml --
[1.027s] [31m[1m================ 1 failed, 2 passed, 1 warnings in 0.30 seconds ================[0m
[1.075s] Invoked command in '/home/d23c1055/ros2_ws/src/mypkg' returned '1': PYTEST_ADDOPTS=--tb=short --junit-xml=/home/d23c1055/ros2_ws/src/mypkg/build/mypkg/pytest.xml --junit-prefix=mypkg -o cache_dir=/home/d23c1055/ros2_ws/src/mypkg/build/mypkg/.pytest_cache PYTHONDONTWRITEBYTECODE=1 /usr/bin/python3 -m pytest
